<?xml version="1.0" encoding="UTF-8"?>
<!-- Generated by org.testng.reporters.JUnitReportReporter -->
<testsuite skipped="0" hostname="KARTHICKHAASAN" name="testcase.Execution" tests="1" failures="0" timestamp="06 Jan 2022 08:00:22 GMT" time="2.646" errors="0">
  <testcase name="get" time="2.646" classname="testcase.Execution"/>
</testsuite> <!-- testcase.Execution -->
