<?xml version="1.0" encoding="UTF-8"?>
<!-- Generated by org.testng.reporters.JUnitReportReporter -->
<testsuite skipped="0" hostname="KARTHICKHAASAN" name="testcase.Get" tests="1" failures="0" timestamp="06 Jan 2022 07:53:44 GMT" time="2.366" errors="0">
  <testcase name="get" time="2.366" classname="testcase.Get"/>
</testsuite> <!-- testcase.Get -->
