<?xml version="1.0" encoding="UTF-8"?>
<!-- Generated by org.testng.reporters.JUnitReportReporter -->
<testsuite skipped="0" hostname="KARTHICKHAASAN" name="testcase.Post" tests="1" failures="0" timestamp="06 Jan 2022 06:07:54 GMT" time="2.201" errors="0">
  <testcase name="post" time="2.201" classname="testcase.Post"/>
</testsuite> <!-- testcase.Post -->
